#
# A fatal error has been detected by the Java Runtime Environment:
#
#  EXCEPTION_ACCESS_VIOLATION (0xc0000005) at pc=0x00000000742853eb, pid=4572, tid=0x0000000000000578
#
# JRE version: Java(TM) SE Runtime Environment (8.0_211-b12) (build 1.8.0_211-b12)
# Java VM: Java HotSpot(TM) 64-Bit Server VM (25.211-b12 mixed mode windows-amd64 compressed oops)
# Problematic frame:
# V  [jvm.dll+0x1153eb]
#
# Failed to write core dump. Minidumps are not enabled by default on client versions of Windows
#
# If you would like to submit a bug report, please visit:
#   http://bugreport.java.com/bugreport/crash.jsp
#

---------------  T H R E A D  ---------------

Current thread (0x000000000243a800):  GCTaskThread [stack: 0x0000000011c50000,0x0000000011d50000] [id=1400]

siginfo: ExceptionCode=0xc0000005, reading address 0x0000000000000090

Registers:
RAX=0x0000000012050000, RBX=0x00000000c075f650, RCX=0x0000000000000003, RDX=0x0000000000000001
RSP=0x0000000011d4f3b0, RBP=0x00000000c1b4a200, RSI=0x000000000250ecf0, RDI=0x000000000250ecf0
R8 =0x0000000000000088, R9 =0x0000000100008d98, R10=0x000000000000000c, R11=0x0000000074777728
R12=0x00000000c1b4a220, R13=0x00000001000091e8, R14=0x00000001000091f0, R15=0x00000000c1b4a1c8
RIP=0x00000000742853eb, EFLAGS=0x0000000000010206

Top of Stack: (sp=0x0000000011d4f3b0)
0x0000000011d4f3b0:   0000000100008d98 000000000000000b
0x0000000011d4f3c0:   00000000c1b49928 000000007438eb02
0x0000000011d4f3d0:   0000000000000000 000000000243ac10
0x0000000011d4f3e0:   0000000002435b80 0000000000000000
0x0000000011d4f3f0:   0000000000015e63 000000007456b860
0x0000000011d4f400:   000000000250ecf0 0000000000000000
0x0000000011d4f410:   000000000250ecf0 00000000747cafb8
0x0000000011d4f420:   00000000c0c88668 000000007456f9a8
0x0000000011d4f430:   0000000074995ce0 0000000000000003
0x0000000011d4f440:   0000000000000000 000105b700019797
0x0000000011d4f450:   00000000c0c88600 0000000074285486
0x0000000011d4f460:   00000000c0c88668 0000000002435b80
0x0000000011d4f470:   000000000243ac20 000000000243ac10
0x0000000011d4f480:   00000000747cafb8 0000000000000000
0x0000000011d4f490:   0000000017088f40 0000000000000000
0x0000000011d4f4a0:   000000000250ecf0 000000007456920f 

Instructions: (pc=0x00000000742853eb)
0x00000000742853cb:   70 00 84 d2 74 16 44 8b 43 08 8b 0d 8d 44 69 00
0x00000000742853db:   49 d3 e0 4c 03 05 7b 44 69 00 eb 04 4c 8b 43 08
0x00000000742853eb:   45 8b 48 08 45 85 c9 7e 0c 41 f6 c1 01 75 4b 41
0x00000000742853fb:   c1 f9 03 eb 57 79 43 84 d2 41 8b c9 b8 10 00 00 


Register to memory mapping:

RAX=0x0000000012050000 is an unknown value
RBX=0x00000000c075f650 is pointing into object: 0x00000000c075f600
java.lang.reflect.Method 
 - klass: 'java/lang/reflect/Method'
RCX=0x0000000000000003 is an unknown value
RDX=0x0000000000000001 is an unknown value
RSP=0x0000000011d4f3b0 is an unknown value
RBP=0x00000000c1b4a200 is pointing into object: 0x00000000c1b4a1c8
java.lang.reflect.Method 
 - klass: 'java/lang/reflect/Method'
RSI=0x000000000250ecf0 is an unknown value
RDI=0x000000000250ecf0 is an unknown value
R8 =0x0000000000000088 is an unknown value
R9 =0x0000000100008d98 is pointing into metadata
R10=0x000000000000000c is an unknown value
R11=0x0000000074777728 is an unknown value
R12=0x00000000c1b4a220 is an oop
java.lang.reflect.Method 
 - klass: 'java/lang/reflect/Method'
R13=0x00000001000091e8 is pointing into metadata
R14=0x00000001000091f0 is pointing into metadata
R15=0x00000000c1b4a1c8 is an oop
java.lang.reflect.Method 
 - klass: 'java/lang/reflect/Method'


Stack: [0x0000000011c50000,0x0000000011d50000],  sp=0x0000000011d4f3b0,  free space=1020k
Native frames: (J=compiled Java code, j=interpreted, Vv=VM code, C=native code)
V  [jvm.dll+0x1153eb]
V  [jvm.dll+0x3fb860]
V  [jvm.dll+0x3f920f]
V  [jvm.dll+0x3f670e]
V  [jvm.dll+0x29fc6a]
C  [msvcr100.dll+0x21d9f]
C  [msvcr100.dll+0x21e3b]
C  [KERNEL32.DLL+0x17974]
C  [ntdll.dll+0x6a271]


---------------  P R O C E S S  ---------------

Java Threads: ( => current thread )
  0x000000001868c000 JavaThread "Thread-187" [_thread_blocked, id=12148, stack(0x000000004bad0000,0x000000004bbd0000)]
  0x000000001868e800 JavaThread "http-nio-8080-AsyncTimeout" daemon [_thread_blocked, id=9152, stack(0x000000004b9d0000,0x000000004bad0000)]
  0x0000000018691800 JavaThread "http-nio-8080-Acceptor-0" daemon [_thread_blocked, id=3700, stack(0x000000004b8d0000,0x000000004b9d0000)]
  0x0000000018d3f000 JavaThread "File Watcher" daemon [_thread_blocked, id=8992, stack(0x00000000345d0000,0x00000000346d0000)]
  0x000000001868a000 JavaThread "File Watcher" daemon [_thread_blocked, id=7584, stack(0x000000002efd0000,0x000000002f0d0000)]
  0x0000000018682000 JavaThread "DestroyJavaVM" [_thread_blocked, id=10460, stack(0x0000000002320000,0x0000000002420000)]
  0x0000000018d3c000 JavaThread "Live Reload Server" daemon [_thread_in_native, id=5324, stack(0x000000001b4d0000,0x000000001b5d0000)]
  0x0000000016f0f000 JavaThread "RMI TCP Accept-0" daemon [_thread_in_native, id=4212, stack(0x00000000177a0000,0x00000000178a0000)]
  0x0000000016f0e000 JavaThread "RMI TCP Accept-63969" daemon [_thread_in_native, id=11460, stack(0x00000000176a0000,0x00000000177a0000)]
  0x0000000016efe000 JavaThread "RMI TCP Accept-0" daemon [_thread_in_native, id=10192, stack(0x00000000175a0000,0x00000000176a0000)]
  0x0000000014c4e800 JavaThread "Service Thread" daemon [_thread_blocked, id=6080, stack(0x0000000016960000,0x0000000016a60000)]
  0x0000000014c06800 JavaThread "C1 CompilerThread2" daemon [_thread_blocked, id=13064, stack(0x0000000016460000,0x0000000016560000)]
  0x0000000014bf6000 JavaThread "C2 CompilerThread1" daemon [_thread_blocked, id=4072, stack(0x0000000016360000,0x0000000016460000)]
  0x0000000014bf3800 JavaThread "C2 CompilerThread0" daemon [_thread_blocked, id=11984, stack(0x0000000016260000,0x0000000016360000)]
  0x0000000014bf2000 JavaThread "Attach Listener" daemon [_thread_blocked, id=9288, stack(0x0000000016160000,0x0000000016260000)]
  0x0000000014bf1000 JavaThread "Signal Dispatcher" daemon [_thread_blocked, id=1956, stack(0x0000000016060000,0x0000000016160000)]
  0x0000000014bda800 JavaThread "Finalizer" daemon [_thread_blocked, id=13172, stack(0x0000000015e50000,0x0000000015f50000)]
  0x0000000002513000 JavaThread "Reference Handler" daemon [_thread_blocked, id=11180, stack(0x0000000015d50000,0x0000000015e50000)]

Other Threads:
  0x0000000014bb8000 VMThread [stack: 0x0000000015c50000,0x0000000015d50000] [id=5784]
  0x0000000016f10000 WatcherThread [stack: 0x00000000178a0000,0x00000000179a0000] [id=6604]

=>0x000000000243a800 (exited) GCTaskThread [stack: 0x0000000011c50000,0x0000000011d50000] [id=1400]

VM state:at safepoint (normal execution)

VM Mutex/Monitor currently owned by a thread:  ([mutex/lock_event])
[0x0000000002421050] Threads_lock - owner thread: 0x0000000014bb8000
[0x00000000024216d0] Heap_lock - owner thread: 0x000000001868c000

heap address: 0x00000000c0000000, size: 1024 MB, Compressed Oops mode: 32-bit
Narrow klass base: 0x0000000000000000, Narrow klass shift: 3
Compressed class space size: 1073741824 Address: 0x0000000100000000

Heap:
 PSYoungGen      total 332800K, used 4648K [0x00000000eab00000, 0x00000000ff800000, 0x0000000100000000)
  eden space 324608K, 0% used [0x00000000eab00000,0x00000000eab00000,0x00000000fe800000)
  from space 8192K, 56% used [0x00000000ff000000,0x00000000ff48a238,0x00000000ff800000)
  to   space 8192K, 0% used [0x00000000fe800000,0x00000000fe800000,0x00000000ff000000)
 ParOldGen       total 67072K, used 32659K [0x00000000c0000000, 0x00000000c4180000, 0x00000000eab00000)
  object space 67072K, 48% used [0x00000000c0000000,0x00000000c1fe4ec8,0x00000000c4180000)
 Metaspace       used 69347K, capacity 73546K, committed 73896K, reserved 1114112K
  class space    used 8179K, capacity 9032K, committed 9128K, reserved 1048576K

Card table byte_map: [0x00000000118e0000,0x0000000011af0000] byte_map_base: 0x00000000112e0000

Marking Bits: (ParMarkBitMap*) 0x0000000074995ce0
 Begin Bits: [0x0000000012050000, 0x0000000013050000)
 End Bits:   [0x0000000013050000, 0x0000000014050000)

Polling page: 0x0000000002280000

CodeCache: size=245760Kb used=26215Kb max_used=26215Kb free=219544Kb
 bounds [0x0000000002520000, 0x0000000003ec0000, 0x0000000011520000]
 total_blobs=13577 nmethods=13020 adapters=470
 compilation: enabled

Compilation events (10 events):
Event: 2089.698 Thread 0x0000000014c06800 13139       1       org.springframework.boot.logging.LoggingApplicationListener::supportsEventType (12 bytes)
Event: 2089.698 Thread 0x0000000014c06800 nmethod 13139 0x0000000003eb9f50 code [0x0000000003eba0c0, 0x0000000003eba238]
Event: 2089.712 Thread 0x0000000014c06800 13140       1       sun.nio.ch.Util$BufferCache::next (8 bytes)
Event: 2089.712 Thread 0x0000000014c06800 nmethod 13140 0x0000000003eba310 code [0x0000000003eba460, 0x0000000003eba590]
Event: 2089.826 Thread 0x0000000014c06800 13141       1       java.nio.channels.SocketChannel::<init> (6 bytes)
Event: 2089.826 Thread 0x0000000014c06800 nmethod 13141 0x0000000003eba610 code [0x0000000003eba760, 0x0000000003eba888]
Event: 2089.828 Thread 0x0000000014c06800 13142   !   1       org.apache.catalina.core.ApplicationContext::removeAttribute (173 bytes)
Event: 2089.830 Thread 0x0000000014c06800 nmethod 13142 0x0000000003eba910 code [0x0000000003ebab80, 0x0000000003ebb4c8]
Event: 2089.834 Thread 0x0000000014c06800 13143   !   1       sun.nio.ch.SocketChannelImpl::implCloseSelectableChannel (89 bytes)
Event: 2089.835 Thread 0x0000000014c06800 nmethod 13143 0x0000000003ebbdd0 code [0x0000000003ebbf60, 0x0000000003ebc498]

GC Heap History (10 events):
Event: 2075.555 GC heap after
Heap after GC invocations=62 (full 24):
 PSYoungGen      total 333312K, used 4660K [0x00000000eab00000, 0x00000000ff900000, 0x0000000100000000)
  eden space 324608K, 0% used [0x00000000eab00000,0x00000000eab00000,0x00000000fe800000)
  from space 8704K, 53% used [0x00000000ff080000,0x00000000ff50d248,0x00000000ff900000)
  to   space 8704K, 0% used [0x00000000fe800000,0x00000000fe800000,0x00000000ff080000)
 ParOldGen       total 67072K, used 31465K [0x00000000c0000000, 0x00000000c4180000, 0x00000000eab00000)
  object space 67072K, 46% used [0x00000000c0000000,0x00000000c1eba7b0,0x00000000c4180000)
 Metaspace       used 67942K, capacity 72066K, committed 72232K, reserved 1112064K
  class space    used 8065K, capacity 8884K, committed 9000K, reserved 1048576K
}
Event: 2075.555 GC heap before
{Heap before GC invocations=63 (full 25):
 PSYoungGen      total 333312K, used 4660K [0x00000000eab00000, 0x00000000ff900000, 0x0000000100000000)
  eden space 324608K, 0% used [0x00000000eab00000,0x00000000eab00000,0x00000000fe800000)
  from space 8704K, 53% used [0x00000000ff080000,0x00000000ff50d248,0x00000000ff900000)
  to   space 8704K, 0% used [0x00000000fe800000,0x00000000fe800000,0x00000000ff080000)
 ParOldGen       total 67072K, used 31465K [0x00000000c0000000, 0x00000000c4180000, 0x00000000eab00000)
  object space 67072K, 46% used [0x00000000c0000000,0x00000000c1eba7b0,0x00000000c4180000)
 Metaspace       used 67942K, capacity 72066K, committed 72232K, reserved 1112064K
  class space    used 8065K, capacity 8884K, committed 9000K, reserved 1048576K
Event: 2075.788 GC heap after
Heap after GC invocations=63 (full 25):
 PSYoungGen      total 333312K, used 0K [0x00000000eab00000, 0x00000000ff900000, 0x0000000100000000)
  eden space 324608K, 0% used [0x00000000eab00000,0x00000000eab00000,0x00000000fe800000)
  from space 8704K, 0% used [0x00000000ff080000,0x00000000ff080000,0x00000000ff900000)
  to   space 8704K, 0% used [0x00000000fe800000,0x00000000fe800000,0x00000000ff080000)
 ParOldGen       total 67072K, used 32084K [0x00000000c0000000, 0x00000000c4180000, 0x00000000eab00000)
  object space 67072K, 47% used [0x00000000c0000000,0x00000000c1f55360,0x00000000c4180000)
 Metaspace       used 67914K, capacity 72018K, committed 72232K, reserved 1112064K
  class space    used 8060K, capacity 8875K, committed 9000K, reserved 1048576K
}
Event: 2082.605 GC heap before
{Heap before GC invocations=64 (full 25):
 PSYoungGen      total 333312K, used 224029K [0x00000000eab00000, 0x00000000ff900000, 0x0000000100000000)
  eden space 324608K, 69% used [0x00000000eab00000,0x00000000f85c7660,0x00000000fe800000)
  from space 8704K, 0% used [0x00000000ff080000,0x00000000ff080000,0x00000000ff900000)
  to   space 8704K, 0% used [0x00000000fe800000,0x00000000fe800000,0x00000000ff080000)
 ParOldGen       total 67072K, used 32084K [0x00000000c0000000, 0x00000000c4180000, 0x00000000eab00000)
  object space 67072K, 47% used [0x00000000c0000000,0x00000000c1f55360,0x00000000c4180000)
 Metaspace       used 68646K, capacity 72806K, committed 73000K, reserved 1114112K
  class space    used 8122K, capacity 8958K, committed 9000K, reserved 1048576K
Event: 2082.619 GC heap after
Heap after GC invocations=64 (full 25):
 PSYoungGen      total 329728K, used 4642K [0x00000000eab00000, 0x00000000ff800000, 0x0000000100000000)
  eden space 324608K, 0% used [0x00000000eab00000,0x00000000eab00000,0x00000000fe800000)
  from space 5120K, 90% used [0x00000000fe800000,0x00000000fec88940,0x00000000fed00000)
  to   space 8192K, 0% used [0x00000000ff000000,0x00000000ff000000,0x00000000ff800000)
 ParOldGen       total 67072K, used 32092K [0x00000000c0000000, 0x00000000c4180000, 0x00000000eab00000)
  object space 67072K, 47% used [0x00000000c0000000,0x00000000c1f57360,0x00000000c4180000)
 Metaspace       used 68646K, capacity 72806K, committed 73000K, reserved 1114112K
  class space    used 8122K, capacity 8958K, committed 9000K, reserved 1048576K
}
Event: 2082.619 GC heap before
{Heap before GC invocations=65 (full 26):
 PSYoungGen      total 329728K, used 4642K [0x00000000eab00000, 0x00000000ff800000, 0x0000000100000000)
  eden space 324608K, 0% used [0x00000000eab00000,0x00000000eab00000,0x00000000fe800000)
  from space 5120K, 90% used [0x00000000fe800000,0x00000000fec88940,0x00000000fed00000)
  to   space 8192K, 0% used [0x00000000ff000000,0x00000000ff000000,0x00000000ff800000)
 ParOldGen       total 67072K, used 32092K [0x00000000c0000000, 0x00000000c4180000, 0x00000000eab00000)
  object space 67072K, 47% used [0x00000000c0000000,0x00000000c1f57360,0x00000000c4180000)
 Metaspace       used 68646K, capacity 72806K, committed 73000K, reserved 1114112K
  class space    used 8122K, capacity 8958K, committed 9000K, reserved 1048576K
Event: 2082.856 GC heap after
Heap after GC invocations=65 (full 26):
 PSYoungGen      total 329728K, used 0K [0x00000000eab00000, 0x00000000ff800000, 0x0000000100000000)
  eden space 324608K, 0% used [0x00000000eab00000,0x00000000eab00000,0x00000000fe800000)
  from space 5120K, 0% used [0x00000000fe800000,0x00000000fe800000,0x00000000fed00000)
  to   space 8192K, 0% used [0x00000000ff000000,0x00000000ff000000,0x00000000ff800000)
 ParOldGen       total 67072K, used 32651K [0x00000000c0000000, 0x00000000c4180000, 0x00000000eab00000)
  object space 67072K, 48% used [0x00000000c0000000,0x00000000c1fe2ec8,0x00000000c4180000)
 Metaspace       used 68617K, capacity 72758K, committed 73000K, reserved 1114112K
  class space    used 8117K, capacity 8949K, committed 9000K, reserved 1048576K
}
Event: 2089.837 GC heap before
{Heap before GC invocations=66 (full 26):
 PSYoungGen      total 329728K, used 221172K [0x00000000eab00000, 0x00000000ff800000, 0x0000000100000000)
  eden space 324608K, 68% used [0x00000000eab00000,0x00000000f82fd010,0x00000000fe800000)
  from space 5120K, 0% used [0x00000000fe800000,0x00000000fe800000,0x00000000fed00000)
  to   space 8192K, 0% used [0x00000000ff000000,0x00000000ff000000,0x00000000ff800000)
 ParOldGen       total 67072K, used 32651K [0x00000000c0000000, 0x00000000c4180000, 0x00000000eab00000)
  object space 67072K, 48% used [0x00000000c0000000,0x00000000c1fe2ec8,0x00000000c4180000)
 Metaspace       used 69347K, capacity 73546K, committed 73896K, reserved 1114112K
  class space    used 8179K, capacity 9032K, committed 9128K, reserved 1048576K
Event: 2089.845 GC heap after
Heap after GC invocations=66 (full 26):
 PSYoungGen      total 332800K, used 4648K [0x00000000eab00000, 0x00000000ff800000, 0x0000000100000000)
  eden space 324608K, 0% used [0x00000000eab00000,0x00000000eab00000,0x00000000fe800000)
  from space 8192K, 56% used [0x00000000ff000000,0x00000000ff48a238,0x00000000ff800000)
  to   space 8192K, 0% used [0x00000000fe800000,0x00000000fe800000,0x00000000ff000000)
 ParOldGen       total 67072K, used 32659K [0x00000000c0000000, 0x00000000c4180000, 0x00000000eab00000)
  object space 67072K, 48% used [0x00000000c0000000,0x00000000c1fe4ec8,0x00000000c4180000)
 Metaspace       used 69347K, capacity 73546K, committed 73896K, reserved 1114112K
  class space    used 8179K, capacity 9032K, committed 9128K, reserved 1048576K
}
Event: 2089.845 GC heap before
{Heap before GC invocations=67 (full 27):
 PSYoungGen      total 332800K, used 4648K [0x00000000eab00000, 0x00000000ff800000, 0x0000000100000000)
  eden space 324608K, 0% used [0x00000000eab00000,0x00000000eab00000,0x00000000fe800000)
  from space 8192K, 56% used [0x00000000ff000000,0x00000000ff48a238,0x00000000ff800000)
  to   space 8192K, 0% used [0x00000000fe800000,0x00000000fe800000,0x00000000ff000000)
 ParOldGen       total 67072K, used 32659K [0x00000000c0000000, 0x00000000c4180000, 0x00000000eab00000)
  object space 67072K, 48% used [0x00000000c0000000,0x00000000c1fe4ec8,0x00000000c4180000)
 Metaspace       used 69347K, capacity 73546K, committed 73896K, reserved 1114112K
  class space    used 8179K, capacity 9032K, committed 9128K, reserved 1048576K

Deoptimization events (0 events):
No events

Classes redefined (0 events):
No events

Internal exceptions (10 events):
Event: 2084.292 Thread 0x0000000018d3d000 Exception <a 'java/lang/ClassNotFoundException': com/pv/louvor/model/UsuarioCustomizer> (0x00000000f7c31390) thrown at [C:\re\workspace\8-2-build-windows-amd64-cygwin\jdk8u211\12973\hotspot\src\share\vm\classfile\systemDictionary.cpp, line 210]
Event: 2084.292 Thread 0x0000000018d3d000 Exception <a 'java/lang/ClassNotFoundException': java/io/SerializableCustomizer> (0x00000000f7c4aec0) thrown at [C:\re\workspace\8-2-build-windows-amd64-cygwin\jdk8u211\12973\hotspot\src\share\vm\classfile\systemDictionary.cpp, line 210]
Event: 2084.295 Thread 0x0000000018d3d000 Exception <a 'java/lang/ClassNotFoundException': java/lang/ObjectCustomizer> (0x00000000f7c6d5d8) thrown at [C:\re\workspace\8-2-build-windows-amd64-cygwin\jdk8u211\12973\hotspot\src\share\vm\classfile\systemDictionary.cpp, line 210]
Event: 2084.296 Thread 0x0000000018d3d000 Exception <a 'java/lang/ClassNotFoundException': com/pv/louvor/model/RepertorioCustomizer> (0x00000000f7c7f510) thrown at [C:\re\workspace\8-2-build-windows-amd64-cygwin\jdk8u211\12973\hotspot\src\share\vm\classfile\systemDictionary.cpp, line 210]
Event: 2084.296 Thread 0x0000000018d3d000 Exception <a 'java/lang/ClassNotFoundException': java/io/SerializableCustomizer> (0x00000000f7c956a0) thrown at [C:\re\workspace\8-2-build-windows-amd64-cygwin\jdk8u211\12973\hotspot\src\share\vm\classfile\systemDictionary.cpp, line 210]
Event: 2084.298 Thread 0x0000000018d3d000 Exception <a 'java/lang/ClassNotFoundException': java/lang/ObjectCustomizer> (0x00000000f7cb15d8) thrown at [C:\re\workspace\8-2-build-windows-amd64-cygwin\jdk8u211\12973\hotspot\src\share\vm\classfile\systemDictionary.cpp, line 210]
Event: 2084.299 Thread 0x0000000018d3d000 Exception <a 'java/lang/ClassNotFoundException': com/pv/louvor/model/MusicaRepertorioCustomizer> (0x00000000f7cc4b80) thrown at [C:\re\workspace\8-2-build-windows-amd64-cygwin\jdk8u211\12973\hotspot\src\share\vm\classfile\systemDictionary.cpp, line 210]
Event: 2084.299 Thread 0x0000000018d3d000 Exception <a 'java/lang/ClassNotFoundException': java/io/SerializableCustomizer> (0x00000000f7cd5b58) thrown at [C:\re\workspace\8-2-build-windows-amd64-cygwin\jdk8u211\12973\hotspot\src\share\vm\classfile\systemDictionary.cpp, line 210]
Event: 2089.827 Thread 0x0000000018d3b800 Exception <a 'java/lang/InterruptedException': sleep interrupted> (0x00000000f1373290) thrown at [C:\re\workspace\8-2-build-windows-amd64-cygwin\jdk8u211\12973\hotspot\src\share\vm\prims\jvm.cpp, line 3336]
Event: 2089.835 Thread 0x0000000018d3e800 Exception <a 'java/lang/InterruptedException': sleep interrupted> (0x00000000f8232238) thrown at [C:\re\workspace\8-2-build-windows-amd64-cygwin\jdk8u211\12973\hotspot\src\share\vm\prims\jvm.cpp, line 3336]

Events (10 events):
Event: 2089.836 Executing VM operation: RevokeBias done
Event: 2089.836 Executing VM operation: RevokeBias
Event: 2089.836 Executing VM operation: RevokeBias done
Event: 2089.836 Executing VM operation: RevokeBias
Event: 2089.836 Executing VM operation: RevokeBias done
Event: 2089.836 Executing VM operation: RevokeBias
Event: 2089.836 Executing VM operation: RevokeBias done
Event: 2089.836 Thread 0x0000000018d40800 Thread exited: 0x0000000018d40800
Event: 2089.836 Thread 0x0000000018d40000 Thread exited: 0x0000000018d40000
Event: 2089.837 Executing VM operation: ParallelGCSystemGC


Dynamic libraries:
0x00007ff7603c0000 - 0x00007ff7603f7000 	C:\Program Files\Java\jre1.8.0_211\bin\javaw.exe
0x00007ffe13df0000 - 0x00007ffe13fdd000 	C:\WINDOWS\SYSTEM32\ntdll.dll
0x00007ffe11d50000 - 0x00007ffe11e03000 	C:\WINDOWS\System32\KERNEL32.DLL
0x00007ffe0fec0000 - 0x00007ffe10153000 	C:\WINDOWS\System32\KERNELBASE.dll
0x00007ffe13a30000 - 0x00007ffe13ad3000 	C:\WINDOWS\System32\ADVAPI32.dll
0x00007ffe11c60000 - 0x00007ffe11cfe000 	C:\WINDOWS\System32\msvcrt.dll
0x00007ffe13420000 - 0x00007ffe134be000 	C:\WINDOWS\System32\sechost.dll
0x00007ffe13ae0000 - 0x00007ffe13c02000 	C:\WINDOWS\System32\RPCRT4.dll
0x00007ffe13c10000 - 0x00007ffe13da7000 	C:\WINDOWS\System32\USER32.dll
0x00007ffe10420000 - 0x00007ffe10440000 	C:\WINDOWS\System32\win32u.dll
0x00007ffe11d20000 - 0x00007ffe11d49000 	C:\WINDOWS\System32\GDI32.dll
0x00007ffe10200000 - 0x00007ffe1039a000 	C:\WINDOWS\System32\gdi32full.dll
0x00007ffe10f80000 - 0x00007ffe11020000 	C:\WINDOWS\System32\msvcp_win.dll
0x00007ffe10b90000 - 0x00007ffe10c8a000 	C:\WINDOWS\System32\ucrtbase.dll
0x00007ffe09300000 - 0x00007ffe09579000 	C:\WINDOWS\WinSxS\amd64_microsoft.windows.common-controls_6595b64144ccf1df_6.0.17763.557_none_05b63f68071e5b9f\COMCTL32.dll
0x00007ffe11690000 - 0x00007ffe119bc000 	C:\WINDOWS\System32\combase.dll
0x00007ffe10160000 - 0x00007ffe101de000 	C:\WINDOWS\System32\bcryptPrimitives.dll
0x00007ffe13a00000 - 0x00007ffe13a2e000 	C:\WINDOWS\System32\IMM32.DLL
0x0000000074a20000 - 0x0000000074af2000 	C:\Program Files\Java\jre1.8.0_211\bin\msvcr100.dll
0x0000000074170000 - 0x0000000074a15000 	C:\Program Files\Java\jre1.8.0_211\bin\server\jvm.dll
0x00007ffe11f20000 - 0x00007ffe11f28000 	C:\WINDOWS\System32\PSAPI.DLL
0x00007ffe0e1a0000 - 0x00007ffe0e1c4000 	C:\WINDOWS\SYSTEM32\WINMM.dll
0x00007ffe0af30000 - 0x00007ffe0af3a000 	C:\WINDOWS\SYSTEM32\VERSION.dll
0x00007ffdff830000 - 0x00007ffdff839000 	C:\WINDOWS\SYSTEM32\WSOCK32.dll
0x00007ffe111a0000 - 0x00007ffe1120d000 	C:\WINDOWS\System32\WS2_32.dll
0x00007ffe0daf0000 - 0x00007ffe0db1d000 	C:\WINDOWS\SYSTEM32\winmmbase.dll
0x00007ffe103a0000 - 0x00007ffe103ea000 	C:\WINDOWS\System32\cfgmgr32.dll
0x00007ffe0aec0000 - 0x00007ffe0aecf000 	C:\Program Files\Java\jre1.8.0_211\bin\verify.dll
0x00007ffdfaec0000 - 0x00007ffdfaee9000 	C:\Program Files\Java\jre1.8.0_211\bin\java.dll
0x00007ffe02000000 - 0x00007ffe02016000 	C:\Program Files\Java\jre1.8.0_211\bin\zip.dll
0x00007ffe11f30000 - 0x00007ffe13420000 	C:\WINDOWS\System32\SHELL32.dll
0x00007ffe11e70000 - 0x00007ffe11f18000 	C:\WINDOWS\System32\shcore.dll
0x00007ffe10440000 - 0x00007ffe10b8a000 	C:\WINDOWS\System32\windows.storage.dll
0x00007ffe0fdf0000 - 0x00007ffe0fe14000 	C:\WINDOWS\System32\profapi.dll
0x00007ffe0fe20000 - 0x00007ffe0fe7d000 	C:\WINDOWS\System32\powrprof.dll
0x00007ffe11e10000 - 0x00007ffe11e62000 	C:\WINDOWS\System32\shlwapi.dll
0x00007ffe0fea0000 - 0x00007ffe0feb1000 	C:\WINDOWS\System32\kernel.appcore.dll
0x00007ffe101e0000 - 0x00007ffe101f7000 	C:\WINDOWS\System32\cryptsp.dll
0x00007ffe016b0000 - 0x00007ffe016bd000 	C:\Program Files\Java\jre1.8.0_211\bin\management.dll
0x00007ffdfb950000 - 0x00007ffdfb96a000 	C:\Program Files\Java\jre1.8.0_211\bin\net.dll
0x00007ffe05c70000 - 0x00007ffe05e47000 	C:\WINDOWS\SYSTEM32\urlmon.dll
0x00007ffe03d50000 - 0x00007ffe03ff8000 	C:\WINDOWS\SYSTEM32\iertutil.dll
0x00007ffe0f7e0000 - 0x00007ffe0f7ec000 	C:\WINDOWS\SYSTEM32\CRYPTBASE.DLL
0x00007ffe0f610000 - 0x00007ffe0f677000 	C:\WINDOWS\system32\mswsock.dll
0x00007ffdfad60000 - 0x00007ffdfad72000 	C:\Program Files\Java\jre1.8.0_211\bin\nio.dll
0x00007ffdfc2d0000 - 0x00007ffdfc2e6000 	C:\WINDOWS\system32\napinsp.dll
0x00007ffdfc240000 - 0x00007ffdfc25a000 	C:\WINDOWS\system32\pnrpnsp.dll
0x00007ffe0b750000 - 0x00007ffe0b76b000 	C:\WINDOWS\system32\NLAapi.dll
0x00007ffe0f370000 - 0x00007ffe0f3ad000 	C:\WINDOWS\SYSTEM32\IPHLPAPI.DLL
0x00007ffe0f3b0000 - 0x00007ffe0f476000 	C:\WINDOWS\SYSTEM32\DNSAPI.dll
0x00007ffe13db0000 - 0x00007ffe13db8000 	C:\WINDOWS\System32\NSI.dll
0x00007ffdfc230000 - 0x00007ffdfc23e000 	C:\WINDOWS\System32\winrnr.dll
0x00007ffdfc210000 - 0x00007ffdfc225000 	C:\WINDOWS\system32\wshbth.dll
0x00007ffe060b0000 - 0x00007ffe060ba000 	C:\Windows\System32\rasadhlp.dll
0x00007ffe06b80000 - 0x00007ffe06bf9000 	C:\WINDOWS\System32\fwpuclnt.dll
0x00007ffe103f0000 - 0x00007ffe10416000 	C:\WINDOWS\System32\bcrypt.dll
0x00007ffe0f1d0000 - 0x00007ffe0f203000 	C:\WINDOWS\system32\rsaenh.dll
0x00007ffe0fcf0000 - 0x00007ffe0fd18000 	C:\WINDOWS\SYSTEM32\USERENV.dll
0x00007ffe0ae60000 - 0x00007ffe0ae76000 	C:\WINDOWS\SYSTEM32\dhcpcsvc6.DLL
0x00007ffe0b160000 - 0x00007ffe0b17c000 	C:\WINDOWS\SYSTEM32\dhcpcsvc.DLL
0x00007ffe07570000 - 0x00007ffe0775d000 	C:\WINDOWS\SYSTEM32\dbghelp.dll

VM Arguments:
jvm_args: -Dcom.sun.management.jmxremote -Dcom.sun.management.jmxremote.port=63969 -Dcom.sun.management.jmxremote.authenticate=false -Dcom.sun.management.jmxremote.ssl=false -Djava.rmi.server.hostname=localhost -Dspring.jmx.enabled=true -Dspring.liveBeansView.mbeanDomain -Dspring.application.admin.enabled=true -Xverify:none -XX:TieredStopAtLevel=1 -Dfile.encoding=UTF-8 
java_command: com.pv.louvor.ApiLouvorApplication --spring.output.ansi.enabled=always
java_class_path (initial): C:\angular\ApiLouvor\target\classes;C:\Users\Diego\.m2\repository\org\springframework\boot\spring-boot-starter-data-jpa\1.5.21.RELEASE\spring-boot-starter-data-jpa-1.5.21.RELEASE.jar;C:\Users\Diego\.m2\repository\org\springframework\boot\spring-boot-starter\1.5.21.RELEASE\spring-boot-starter-1.5.21.RELEASE.jar;C:\Users\Diego\.m2\repository\org\springframework\boot\spring-boot-starter-logging\1.5.21.RELEASE\spring-boot-starter-logging-1.5.21.RELEASE.jar;C:\Users\Diego\.m2\repository\ch\qos\logback\logback-classic\1.1.11\logback-classic-1.1.11.jar;C:\Users\Diego\.m2\repository\ch\qos\logback\logback-core\1.1.11\logback-core-1.1.11.jar;C:\Users\Diego\.m2\repository\org\slf4j\jul-to-slf4j\1.7.26\jul-to-slf4j-1.7.26.jar;C:\Users\Diego\.m2\repository\org\slf4j\log4j-over-slf4j\1.7.26\log4j-over-slf4j-1.7.26.jar;C:\Users\Diego\.m2\repository\org\yaml\snakeyaml\1.17\snakeyaml-1.17.jar;C:\Users\Diego\.m2\repository\org\springframework\boot\spring-boot-starter-aop\1.5.21.RELEASE\spring-boot-starter-aop-1.5.21.RELEASE.jar;C:\Users\Diego\.m2\repository\org\springframework\spring-aop\4.3.24.RELEASE\spring-aop-4.3.24.RELEASE.jar;C:\Users\Diego\.m2\repository\org\aspectj\aspectjweaver\1.8.14\aspectjweaver-1.8.14.jar;C:\Users\Diego\.m2\repository\org\springframework\boot\spring-boot-starter-jdbc\1.5.21.RELEASE\spring-boot-starter-jdbc-1.5.21.RELEASE.jar;C:\Users\Diego\.m2\repository\org\apache\tomcat\tomcat-jdbc\8.5.40\tomcat-jdbc-8.5.40.jar;C:\Users\Diego\.m2\repository\org\apache\tomcat\tomcat-juli\8.5.40\tomcat-juli-8.5.40.jar;C:\Users\Diego\.m2\repository\org\springframework\spring-jdbc\4.3.24.RELEASE\spring-jdbc-4.3.24.RELEASE.jar;C:\Users\Diego\.m2\repository\org\hibernate\hibernate-core\5.0.12.Final\hibernate-core-5.0.12.Final.jar;C:\Users\Diego\.m2\repository\org\jboss\logging\jboss-logging\3.3.2.Final\jboss-logging-3.3.2.Final.jar;C:\Users\Diego\.m2\repository\org\hibernate\javax\persistence\hibernate-jpa-2.1-api\1.0.0.Final\hibernate-jpa-2.1-a
Launcher Type: SUN_STANDARD

Environment Variables:
PATH=C:/Program Files/AdoptOpenJDK/jdk-8.0.212.03-hotspot/bin/../jre/bin/server;C:/Program Files/AdoptOpenJDK/jdk-8.0.212.03-hotspot/bin/../jre/bin;C:/Program Files/AdoptOpenJDK/jdk-8.0.212.03-hotspot/bin/../jre/lib/amd64;C:\Program Files\AdoptOpenJDK\jdk-8.0.212.03-hotspot\bin;C:\Program Files (x86)\NVIDIA Corporation\PhysX\Common;C:\Program Files (x86)\Common Files\Oracle\Java\javapath;C:\WINDOWS\system32;C:\WINDOWS;C:\WINDOWS\System32\Wbem;C:\WINDOWS\System32\WindowsPowerShell\v1.0\;C:\WINDOWS\System32\OpenSSH\;C:\Program Files\nodejs\;C:\Program Files\MySQL\MySQL Utilities 1.6\;C:\MinGW\bin;C:\MinGW\msys\1.0\bin;C:\a;C:\Gradle\gradle-5.4.1\bin;C:\Program Files\Git\cmd;C:\Users\Diego\AppData\Local\Microsoft\WindowsApps;C:\Users\Diego\AppData\Roaming\npm;C:\Users\Diego\AppData\Local\Programs\Microsoft VS Code\bin;C:\a;C:\Program Files\heroku\bin;C:\spring-tool-suite-3.9.8.RELEASE-e4.11.0-win32-x86_64\sts-bundle\sts-3.9.8.RELEASE;
USERNAME=Diego
OS=Windows_NT
PROCESSOR_IDENTIFIER=Intel64 Family 6 Model 23 Stepping 6, GenuineIntel



---------------  S Y S T E M  ---------------

OS: Windows 10.0 , 64 bit Build 17763 (10.0.17763.475)

CPU:total 4 (initial active 4) (4 cores per cpu, 1 threads per core) family 6 model 23 stepping 6, cmov, cx8, fxsr, mmx, sse, sse2, sse3, ssse3, sse4.1, tsc

Memory: 4k page, physical 4193460k(720860k free), swap 9187036k(2141728k free)

vm_info: Java HotSpot(TM) 64-Bit Server VM (25.211-b12) for windows-amd64 JRE (1.8.0_211-b12), built on Apr  1 2019 20:53:26 by "java_re" with MS VC++ 10.0 (VS2010)

time: Sun Jun 30 00:39:50 2019
timezone: Hora oficial do Brasil
elapsed time: 2089 seconds (0d 0h 34m 49s)

